<?xml version="1.0" encoding="utf-8"?><testsuites name="pytest tests"><testsuite name="pytest" errors="0" failures="0" skipped="1" tests="26" time="89.844" timestamp="2026-03-18T16:47:32.429923+00:00" hostname="agent-env-534ff7ad-fbe5-438a-979b-4fac0c1f7891"><testcase classname="backend.tests.test_discount_codes_api.TestKingsdaySubscribe" name="test_subscribe_new_email_success" time="0.293" /><testcase classname="backend.tests.test_discount_codes_api.TestKingsdaySubscribe" name="test_subscribe_duplicate_email_unverified" time="0.344" /><testcase classname="backend.tests.test_discount_codes_api.TestKingsdaySubscribe" name="test_subscribe_invalid_email" time="0.159" /><testcase classname="backend.tests.test_discount_codes_api.TestKingsdayVerify" name="test_verify_valid_token" time="0.398" /><testcase classname="backend.tests.test_discount_codes_api.TestKingsdayVerify" name="test_verify_already_verified" time="0.447" /><testcase classname="backend.tests.test_discount_codes_api.TestKingsdayVerify" name="test_verify_invalid_token" time="0.162" /><testcase classname="backend.tests.test_discount_codes_api.TestKingsdaySpin" name="test_spin_requires_subscription" time="0.132" /><testcase classname="backend.tests.test_discount_codes_api.TestKingsdaySpin" name="test_spin_requires_verification" time="0.385" /><testcase classname="backend.tests.test_discount_codes_api.TestKingsdaySpin" name="test_spin_success_after_verification" time="0.457" /><testcase classname="backend.tests.test_discount_codes_api.TestKingsdaySpin" name="test_spin_only_once_allowed" time="0.770" /><testcase classname="backend.tests.test_discount_codes_api.TestKingsdaySpin" name="test_discount_code_not_returned_in_response" time="13.839"><skipped type="pytest.skip" message="No discount prize hit in 30 attempts (expected with 6% rate)">/app/backend/tests/test_discount_codes_api.py:179: No discount prize hit in 30 attempts (expected with 6% rate)</skipped></testcase><testcase classname="backend.tests.test_discount_codes_api.TestCheckEligibility" name="test_check_not_subscribed" time="0.148" /><testcase classname="backend.tests.test_discount_codes_api.TestCheckEligibility" name="test_check_not_verified" time="0.258" /><testcase classname="backend.tests.test_discount_codes_api.TestCheckEligibility" name="test_check_eligible" time="0.524" /><testcase classname="backend.tests.test_discount_codes_api.TestCheckEligibility" name="test_check_already_spun" time="0.825" /><testcase classname="backend.tests.test_discount_codes_api.TestAdminDiscountCodeStats" name="test_stats_returns_counts" time="0.217" /><testcase classname="backend.tests.test_discount_codes_api.TestAdminDiscountCodeStats" name="test_stats_has_recent_assignments" time="0.157" /><testcase classname="backend.tests.test_discount_codes_api.TestAdminDiscountCodesList" name="test_list_all_codes" time="0.172" /><testcase classname="backend.tests.test_discount_codes_api.TestAdminDiscountCodesList" name="test_list_unused_codes" time="68.519" /><testcase classname="backend.tests.test_discount_codes_api.TestAdminDiscountCodesList" name="test_list_used_codes" time="0.190" /><testcase classname="backend.tests.test_discount_codes_api.TestAdminDiscountCodesUpload" name="test_upload_new_codes" time="0.133" /><testcase classname="backend.tests.test_discount_codes_api.TestAdminDiscountCodesUpload" name="test_upload_duplicate_codes_skipped" time="0.324" /><testcase classname="backend.tests.test_discount_codes_api.TestAdminDiscountCodesUpload" name="test_upload_empty_codes_error" time="0.187" /><testcase classname="backend.tests.test_discount_codes_api.TestAdminVerify" name="test_valid_password" time="0.158" /><testcase classname="backend.tests.test_discount_codes_api.TestAdminVerify" name="test_invalid_password" time="0.185" /><testcase classname="backend.tests.test_discount_codes_api.TestEmailNormalization" name="test_gmail_plus_alias_normalized" time="0.375" /></testsuite></testsuites>